[0.521s] Invoking command in '/home/ayman/Desktop/ros-projects/ros2_ws/src/my_py_pkg': DEBUGINFOD_URLS=https://debuginfod.ubuntu.com PYTHONPATH=/home/ayman/Desktop/ros-projects/ros2_ws/build/my_py_pkg/prefix_override:/usr/lib/python3/dist-packages/colcon_core/task/python/colcon_distutils_commands:/home/ayman/Desktop/ros-projects/ros2_ws/install/my_py_pkg/lib/python3.12/site-packages:${PYTHONPATH} /usr/bin/python3 -W ignore:setup.py install is deprecated -W ignore:easy_install command is deprecated setup.py egg_info --egg-base ../../build/my_py_pkg build --build-base /home/ayman/Desktop/ros-projects/ros2_ws/build/my_py_pkg/build install --record /home/ayman/Desktop/ros-projects/ros2_ws/build/my_py_pkg/install.log --single-version-externally-managed install_data
[0.696s] running egg_info
[0.707s] writing ../../build/my_py_pkg/my_py_pkg.egg-info/PKG-INFO
[0.707s] writing dependency_links to ../../build/my_py_pkg/my_py_pkg.egg-info/dependency_links.txt
[0.707s] writing entry points to ../../build/my_py_pkg/my_py_pkg.egg-info/entry_points.txt
[0.708s] writing requirements to ../../build/my_py_pkg/my_py_pkg.egg-info/requires.txt
[0.708s] writing top-level names to ../../build/my_py_pkg/my_py_pkg.egg-info/top_level.txt
[0.731s] reading manifest file '../../build/my_py_pkg/my_py_pkg.egg-info/SOURCES.txt'
[0.731s] writing manifest file '../../build/my_py_pkg/my_py_pkg.egg-info/SOURCES.txt'
[0.731s] running build
[0.731s] running build_py
[0.732s] copying my_py_pkg/my_first_node.py -> /home/ayman/Desktop/ros-projects/ros2_ws/build/my_py_pkg/build/lib/my_py_pkg
[0.732s] running install
[0.736s] running install_lib
[0.747s] copying /home/ayman/Desktop/ros-projects/ros2_ws/build/my_py_pkg/build/lib/my_py_pkg/my_first_node.py -> /home/ayman/Desktop/ros-projects/ros2_ws/install/my_py_pkg/lib/python3.12/site-packages/my_py_pkg
[0.748s] byte-compiling /home/ayman/Desktop/ros-projects/ros2_ws/install/my_py_pkg/lib/python3.12/site-packages/my_py_pkg/my_first_node.py to my_first_node.cpython-312.pyc
[0.748s] running install_data
[0.748s] running install_egg_info
[0.760s] removing '/home/ayman/Desktop/ros-projects/ros2_ws/install/my_py_pkg/lib/python3.12/site-packages/my_py_pkg-0.0.0-py3.12.egg-info' (and everything under it)
[0.761s] Copying ../../build/my_py_pkg/my_py_pkg.egg-info to /home/ayman/Desktop/ros-projects/ros2_ws/install/my_py_pkg/lib/python3.12/site-packages/my_py_pkg-0.0.0-py3.12.egg-info
[0.761s] running install_scripts
[0.838s] Installing test_node script to /home/ayman/Desktop/ros-projects/ros2_ws/install/my_py_pkg/lib/my_py_pkg
[0.838s] writing list of installed files to '/home/ayman/Desktop/ros-projects/ros2_ws/build/my_py_pkg/install.log'
[0.856s] Invoked command in '/home/ayman/Desktop/ros-projects/ros2_ws/src/my_py_pkg' returned '0': DEBUGINFOD_URLS=https://debuginfod.ubuntu.com PYTHONPATH=/home/ayman/Desktop/ros-projects/ros2_ws/build/my_py_pkg/prefix_override:/usr/lib/python3/dist-packages/colcon_core/task/python/colcon_distutils_commands:/home/ayman/Desktop/ros-projects/ros2_ws/install/my_py_pkg/lib/python3.12/site-packages:${PYTHONPATH} /usr/bin/python3 -W ignore:setup.py install is deprecated -W ignore:easy_install command is deprecated setup.py egg_info --egg-base ../../build/my_py_pkg build --build-base /home/ayman/Desktop/ros-projects/ros2_ws/build/my_py_pkg/build install --record /home/ayman/Desktop/ros-projects/ros2_ws/build/my_py_pkg/install.log --single-version-externally-managed install_data
