[0.014s] Invoking command in '/home/ayman/Desktop/ros-projects/ros2_ws/build/my_cpp_pkg': CMAKE_PREFIX_PATH=${CMAKE_PREFIX_PATH}:/home/ayman/Desktop/ros-projects/ros2_ws/install/my_py_pkg:/opt/ros/jazzy DEBUGINFOD_URLS=https://debuginfod.ubuntu.com /usr/bin/cmake --build /home/ayman/Desktop/ros-projects/ros2_ws/build/my_cpp_pkg -- -j20 -l20
[0.051s] -- Found ament_cmake: 2.5.4 (/opt/ros/jazzy/share/ament_cmake/cmake)
[0.436s] -- Found rclcpp: 28.1.12 (/opt/ros/jazzy/share/rclcpp/cmake)
[0.491s] -- Found rosidl_generator_c: 4.6.6 (/opt/ros/jazzy/share/rosidl_generator_c/cmake)
[0.509s] -- Found rosidl_generator_cpp: 4.6.6 (/opt/ros/jazzy/share/rosidl_generator_cpp/cmake)
[0.532s] -- Using all available rosidl_typesupport_c: rosidl_typesupport_fastrtps_c;rosidl_typesupport_introspection_c
[0.556s] -- Using all available rosidl_typesupport_cpp: rosidl_typesupport_fastrtps_cpp;rosidl_typesupport_introspection_cpp
[0.647s] -- Found rmw_implementation_cmake: 7.3.2 (/opt/ros/jazzy/share/rmw_implementation_cmake/cmake)
[0.649s] -- Found rmw_fastrtps_cpp: 8.4.3 (/opt/ros/jazzy/share/rmw_fastrtps_cpp/cmake)
[0.753s] -- Using RMW implementation 'rmw_fastrtps_cpp' as default
[0.982s] -- Configuring done (0.9s)
[0.996s] -- Generating done (0.0s)
[1.000s] -- Build files have been written to: /home/ayman/Desktop/ros-projects/ros2_ws/build/my_cpp_pkg
[1.065s] [ 50%] [32mBuilding CXX object CMakeFiles/test_node.dir/src/my_first_node.cpp.o[0m
[4.839s] [100%] [32m[1mLinking CXX executable test_node[0m
[5.060s] [100%] Built target test_node
[5.079s] Invoked command in '/home/ayman/Desktop/ros-projects/ros2_ws/build/my_cpp_pkg' returned '0': CMAKE_PREFIX_PATH=${CMAKE_PREFIX_PATH}:/home/ayman/Desktop/ros-projects/ros2_ws/install/my_py_pkg:/opt/ros/jazzy DEBUGINFOD_URLS=https://debuginfod.ubuntu.com /usr/bin/cmake --build /home/ayman/Desktop/ros-projects/ros2_ws/build/my_cpp_pkg -- -j20 -l20
[5.097s] Invoking command in '/home/ayman/Desktop/ros-projects/ros2_ws/build/my_cpp_pkg': CMAKE_PREFIX_PATH=${CMAKE_PREFIX_PATH}:/home/ayman/Desktop/ros-projects/ros2_ws/install/my_py_pkg:/opt/ros/jazzy DEBUGINFOD_URLS=https://debuginfod.ubuntu.com /usr/bin/cmake --install /home/ayman/Desktop/ros-projects/ros2_ws/build/my_cpp_pkg
[5.113s] -- Install configuration: ""
[5.113s] -- Installing: /home/ayman/Desktop/ros-projects/ros2_ws/install/my_cpp_pkg/lib/my_cpp_pkg/test_node
[5.114s] -- Set non-toolchain portion of runtime path of "/home/ayman/Desktop/ros-projects/ros2_ws/install/my_cpp_pkg/lib/my_cpp_pkg/test_node" to ""
[5.114s] -- Up-to-date: /home/ayman/Desktop/ros-projects/ros2_ws/install/my_cpp_pkg/share/ament_index/resource_index/package_run_dependencies/my_cpp_pkg
[5.114s] -- Installing: /home/ayman/Desktop/ros-projects/ros2_ws/install/my_cpp_pkg/share/ament_index/resource_index/parent_prefix_path/my_cpp_pkg
[5.115s] -- Up-to-date: /home/ayman/Desktop/ros-projects/ros2_ws/install/my_cpp_pkg/share/my_cpp_pkg/environment/ament_prefix_path.sh
[5.115s] -- Up-to-date: /home/ayman/Desktop/ros-projects/ros2_ws/install/my_cpp_pkg/share/my_cpp_pkg/environment/ament_prefix_path.dsv
[5.115s] -- Up-to-date: /home/ayman/Desktop/ros-projects/ros2_ws/install/my_cpp_pkg/share/my_cpp_pkg/environment/path.sh
[5.116s] -- Up-to-date: /home/ayman/Desktop/ros-projects/ros2_ws/install/my_cpp_pkg/share/my_cpp_pkg/environment/path.dsv
[5.116s] -- Up-to-date: /home/ayman/Desktop/ros-projects/ros2_ws/install/my_cpp_pkg/share/my_cpp_pkg/local_setup.bash
[5.116s] -- Up-to-date: /home/ayman/Desktop/ros-projects/ros2_ws/install/my_cpp_pkg/share/my_cpp_pkg/local_setup.sh
[5.116s] -- Up-to-date: /home/ayman/Desktop/ros-projects/ros2_ws/install/my_cpp_pkg/share/my_cpp_pkg/local_setup.zsh
[5.116s] -- Up-to-date: /home/ayman/Desktop/ros-projects/ros2_ws/install/my_cpp_pkg/share/my_cpp_pkg/local_setup.dsv
[5.116s] -- Installing: /home/ayman/Desktop/ros-projects/ros2_ws/install/my_cpp_pkg/share/my_cpp_pkg/package.dsv
[5.116s] -- Up-to-date: /home/ayman/Desktop/ros-projects/ros2_ws/install/my_cpp_pkg/share/ament_index/resource_index/packages/my_cpp_pkg
[5.117s] -- Up-to-date: /home/ayman/Desktop/ros-projects/ros2_ws/install/my_cpp_pkg/share/my_cpp_pkg/cmake/my_cpp_pkgConfig.cmake
[5.117s] -- Up-to-date: /home/ayman/Desktop/ros-projects/ros2_ws/install/my_cpp_pkg/share/my_cpp_pkg/cmake/my_cpp_pkgConfig-version.cmake
[5.117s] -- Up-to-date: /home/ayman/Desktop/ros-projects/ros2_ws/install/my_cpp_pkg/share/my_cpp_pkg/package.xml
[5.119s] Invoked command in '/home/ayman/Desktop/ros-projects/ros2_ws/build/my_cpp_pkg' returned '0': CMAKE_PREFIX_PATH=${CMAKE_PREFIX_PATH}:/home/ayman/Desktop/ros-projects/ros2_ws/install/my_py_pkg:/opt/ros/jazzy DEBUGINFOD_URLS=https://debuginfod.ubuntu.com /usr/bin/cmake --install /home/ayman/Desktop/ros-projects/ros2_ws/build/my_cpp_pkg
