[0.554s] Invoking command in '/home/ayman/Desktop/ros-projects/ros2_ws/src/my_py_pkg': DEBUGINFOD_URLS=https://debuginfod.ubuntu.com PYTHONPATH=/home/ayman/Desktop/ros-projects/ros2_ws/build/my_py_pkg/prefix_override:/usr/lib/python3/dist-packages/colcon_core/task/python/colcon_distutils_commands:/home/ayman/Desktop/ros-projects/ros2_ws/install/my_py_pkg/lib/python3.12/site-packages:${PYTHONPATH} /usr/bin/python3 -W ignore:setup.py install is deprecated -W ignore:easy_install command is deprecated setup.py egg_info --egg-base ../../build/my_py_pkg build --build-base /home/ayman/Desktop/ros-projects/ros2_ws/build/my_py_pkg/build install --record /home/ayman/Desktop/ros-projects/ros2_ws/build/my_py_pkg/install.log --single-version-externally-managed install_data
[0.720s] running egg_info
[0.732s] writing ../../build/my_py_pkg/my_py_pkg.egg-info/PKG-INFO
[0.732s] writing dependency_links to ../../build/my_py_pkg/my_py_pkg.egg-info/dependency_links.txt
[0.732s] writing entry points to ../../build/my_py_pkg/my_py_pkg.egg-info/entry_points.txt
[0.733s] writing requirements to ../../build/my_py_pkg/my_py_pkg.egg-info/requires.txt
[0.733s] writing top-level names to ../../build/my_py_pkg/my_py_pkg.egg-info/top_level.txt
[0.755s] reading manifest file '../../build/my_py_pkg/my_py_pkg.egg-info/SOURCES.txt'
[0.755s] writing manifest file '../../build/my_py_pkg/my_py_pkg.egg-info/SOURCES.txt'
[0.755s] running build
[0.756s] running build_py
[0.756s] copying my_py_pkg/my_first_node.py -> /home/ayman/Desktop/ros-projects/ros2_ws/build/my_py_pkg/build/lib/my_py_pkg
[0.756s] running install
[0.760s] running install_lib
[0.771s] copying /home/ayman/Desktop/ros-projects/ros2_ws/build/my_py_pkg/build/lib/my_py_pkg/my_first_node.py -> /home/ayman/Desktop/ros-projects/ros2_ws/install/my_py_pkg/lib/python3.12/site-packages/my_py_pkg
[0.772s] byte-compiling /home/ayman/Desktop/ros-projects/ros2_ws/install/my_py_pkg/lib/python3.12/site-packages/my_py_pkg/my_first_node.py to my_first_node.cpython-312.pyc
[0.772s] running install_data
[0.772s] running install_egg_info
[0.785s] removing '/home/ayman/Desktop/ros-projects/ros2_ws/install/my_py_pkg/lib/python3.12/site-packages/my_py_pkg-0.0.0-py3.12.egg-info' (and everything under it)
[0.785s] Copying ../../build/my_py_pkg/my_py_pkg.egg-info to /home/ayman/Desktop/ros-projects/ros2_ws/install/my_py_pkg/lib/python3.12/site-packages/my_py_pkg-0.0.0-py3.12.egg-info
[0.785s] running install_scripts
[0.866s] Installing test_node script to /home/ayman/Desktop/ros-projects/ros2_ws/install/my_py_pkg/lib/my_py_pkg
[0.866s] writing list of installed files to '/home/ayman/Desktop/ros-projects/ros2_ws/build/my_py_pkg/install.log'
[0.886s] Invoked command in '/home/ayman/Desktop/ros-projects/ros2_ws/src/my_py_pkg' returned '0': DEBUGINFOD_URLS=https://debuginfod.ubuntu.com PYTHONPATH=/home/ayman/Desktop/ros-projects/ros2_ws/build/my_py_pkg/prefix_override:/usr/lib/python3/dist-packages/colcon_core/task/python/colcon_distutils_commands:/home/ayman/Desktop/ros-projects/ros2_ws/install/my_py_pkg/lib/python3.12/site-packages:${PYTHONPATH} /usr/bin/python3 -W ignore:setup.py install is deprecated -W ignore:easy_install command is deprecated setup.py egg_info --egg-base ../../build/my_py_pkg build --build-base /home/ayman/Desktop/ros-projects/ros2_ws/build/my_py_pkg/build install --record /home/ayman/Desktop/ros-projects/ros2_ws/build/my_py_pkg/install.log --single-version-externally-managed install_data
