[0.681s] Invoking command in '/home/ayman/Desktop/ros-projects/ros2_ws/src/my_py_pkg': DEBUGINFOD_URLS=https://debuginfod.ubuntu.com PYTHONPATH=/home/ayman/Desktop/ros-projects/ros2_ws/build/my_py_pkg/prefix_override:/usr/lib/python3/dist-packages/colcon_core/task/python/colcon_distutils_commands:/home/ayman/Desktop/ros-projects/ros2_ws/install/my_py_pkg/lib/python3.12/site-packages:${PYTHONPATH} /usr/bin/python3 -W ignore:setup.py install is deprecated -W ignore:easy_install command is deprecated setup.py egg_info --egg-base ../../build/my_py_pkg build --build-base /home/ayman/Desktop/ros-projects/ros2_ws/build/my_py_pkg/build install --record /home/ayman/Desktop/ros-projects/ros2_ws/build/my_py_pkg/install.log --single-version-externally-managed install_data
[0.846s] running egg_info
[0.847s] creating ../../build/my_py_pkg/my_py_pkg.egg-info
[0.857s] writing ../../build/my_py_pkg/my_py_pkg.egg-info/PKG-INFO
[0.857s] writing dependency_links to ../../build/my_py_pkg/my_py_pkg.egg-info/dependency_links.txt
[0.857s] writing requirements to ../../build/my_py_pkg/my_py_pkg.egg-info/requires.txt
[0.857s] writing top-level names to ../../build/my_py_pkg/my_py_pkg.egg-info/top_level.txt
[0.858s] writing manifest file '../../build/my_py_pkg/my_py_pkg.egg-info/SOURCES.txt'
[0.879s] reading manifest file '../../build/my_py_pkg/my_py_pkg.egg-info/SOURCES.txt'
[0.880s] writing manifest file '../../build/my_py_pkg/my_py_pkg.egg-info/SOURCES.txt'
[0.880s] running build
[0.880s] running build_py
[0.880s] creating /home/ayman/Desktop/ros-projects/ros2_ws/build/my_py_pkg/build
[0.880s] creating /home/ayman/Desktop/ros-projects/ros2_ws/build/my_py_pkg/build/lib
[0.880s] creating /home/ayman/Desktop/ros-projects/ros2_ws/build/my_py_pkg/build/lib/my_py_pkg
[0.880s] copying my_py_pkg/__init__.py -> /home/ayman/Desktop/ros-projects/ros2_ws/build/my_py_pkg/build/lib/my_py_pkg
[0.880s] running install
[0.884s] running install_lib
[0.896s] creating /home/ayman/Desktop/ros-projects/ros2_ws/install/my_py_pkg/lib/python3.12/site-packages/my_py_pkg
[0.896s] copying /home/ayman/Desktop/ros-projects/ros2_ws/build/my_py_pkg/build/lib/my_py_pkg/__init__.py -> /home/ayman/Desktop/ros-projects/ros2_ws/install/my_py_pkg/lib/python3.12/site-packages/my_py_pkg
[0.896s] byte-compiling /home/ayman/Desktop/ros-projects/ros2_ws/install/my_py_pkg/lib/python3.12/site-packages/my_py_pkg/__init__.py to __init__.cpython-312.pyc
[0.896s] running install_data
[0.896s] creating /home/ayman/Desktop/ros-projects/ros2_ws/install/my_py_pkg/share/ament_index
[0.896s] creating /home/ayman/Desktop/ros-projects/ros2_ws/install/my_py_pkg/share/ament_index/resource_index
[0.896s] creating /home/ayman/Desktop/ros-projects/ros2_ws/install/my_py_pkg/share/ament_index/resource_index/packages
[0.896s] copying resource/my_py_pkg -> /home/ayman/Desktop/ros-projects/ros2_ws/install/my_py_pkg/share/ament_index/resource_index/packages
[0.896s] copying package.xml -> /home/ayman/Desktop/ros-projects/ros2_ws/install/my_py_pkg/share/my_py_pkg
[0.896s] running install_egg_info
[0.909s] Copying ../../build/my_py_pkg/my_py_pkg.egg-info to /home/ayman/Desktop/ros-projects/ros2_ws/install/my_py_pkg/lib/python3.12/site-packages/my_py_pkg-0.0.0-py3.12.egg-info
[0.909s] running install_scripts
[0.988s] writing list of installed files to '/home/ayman/Desktop/ros-projects/ros2_ws/build/my_py_pkg/install.log'
[1.007s] Invoked command in '/home/ayman/Desktop/ros-projects/ros2_ws/src/my_py_pkg' returned '0': DEBUGINFOD_URLS=https://debuginfod.ubuntu.com PYTHONPATH=/home/ayman/Desktop/ros-projects/ros2_ws/build/my_py_pkg/prefix_override:/usr/lib/python3/dist-packages/colcon_core/task/python/colcon_distutils_commands:/home/ayman/Desktop/ros-projects/ros2_ws/install/my_py_pkg/lib/python3.12/site-packages:${PYTHONPATH} /usr/bin/python3 -W ignore:setup.py install is deprecated -W ignore:easy_install command is deprecated setup.py egg_info --egg-base ../../build/my_py_pkg build --build-base /home/ayman/Desktop/ros-projects/ros2_ws/build/my_py_pkg/build install --record /home/ayman/Desktop/ros-projects/ros2_ws/build/my_py_pkg/install.log --single-version-externally-managed install_data
